<?xml version="1.0" encoding="UTF-8"?>
<assembly xmlns="http://maven.apache.org/ASSEMBLY/2.1.0"
          xmlns:xsi="http://www.w3.org/2001/XMLSchema-instance"
          xsi:schemaLocation="http://maven.apache.org/ASSEMBLY/2.1.0 http://maven.apache.org/xsd/assembly-2.1.0.xsd">
    <id>test-jar</id>
    <formats>
        <format>jar</format>
    </formats>
    <includeBaseDirectory>false</includeBaseDirectory>
    
    <!-- Добавляем основные классы -->
    <dependencySets>
        <dependencySet>
            <outputDirectory>/</outputDirectory>
            <useProjectArtifact>true</useProjectArtifact>
            <unpack>true</unpack>
            <scope>runtime</scope>
        </dependencySet>
        <!-- Добавляем тестовые зависимости -->
        <dependencySet>
            <outputDirectory>/</outputDirectory>
            <useProjectArtifact>true</useProjectArtifact>
            <unpack>true</unpack>
            <scope>test</scope>
        </dependencySet>
    </dependencySets>
    
    <!-- Добавляем тестовые классы и ресурсы -->
    <fileSets>
        <fileSet>
            <directory>${project.build.testOutputDirectory}</directory>
            <outputDirectory>/</outputDirectory>
        </fileSet>
        <fileSet>
            <directory>src/test/resources</directory>
            <outputDirectory>/</outputDirectory>
            <includes>
                <include>**/*.xml</include>
            </includes>
        </fileSet>
    </fileSets>
</assembly>
